<?xml version="1.0" encoding="UTF-8"?>
<!-- Generated by org.testng.reporters.JUnitReportReporter -->
<testsuite skipped="0" hostname="LAPTOP-JPSCLFU6" name="com.saranya.selenium.ErrorValidations" tests="1" failures="0" timestamp="2023-03-31T04:40:39 SGT" time="7.510" errors="0">
  <testcase name="submitOrder" time="7.510" classname="com.saranya.selenium.ErrorValidations"/>
  <system-out/>
</testsuite> <!-- com.saranya.selenium.ErrorValidations -->
