<?xml version="1.0" encoding="UTF-8"?>
<!-- Generated by org.testng.reporters.JUnitReportReporter -->
<testsuite skipped="0" hostname="LAPTOP-JPSCLFU6" name="com.saranya.selenium.StandAloneTest" tests="1" failures="0" timestamp="2023-03-31T03:49:40 SGT" time="11.537" errors="0">
  <testcase name="submitOrder" time="11.537" classname="com.saranya.selenium.StandAloneTest"/>
  <system-out/>
</testsuite> <!-- com.saranya.selenium.StandAloneTest -->
